Flow Summary report for MaterialTowerCPLD
Wed Apr 18 13:41:26 2018
Quartus II 64-Bit Version 14.1.0 Build 186 12/03/2014 SJ Full Version


---------------------
; Table of Contents ;
---------------------
  1. Legal Notice
  2. Flow Summary



----------------
; Legal Notice ;
----------------
Copyright (C) 1991-2014 Altera Corporation. All rights reserved.
Your use of Altera Corporation's design tools, logic functions 
and other software and tools, and its AMPP partner logic 
functions, and any output files from any of the foregoing 
(including device programming or simulation files), and any 
associated documentation or information are expressly subject 
to the terms and conditions of the Altera Program License 
Subscription Agreement, the Altera Quartus II License Agreement,
the Altera MegaCore Function License Agreement, or other 
applicable license agreement, including, without limitation, 
that your use is for the sole purpose of programming logic 
devices manufactured by Altera and sold by Altera or its 
authorized distributors.  Please refer to the applicable 
agreement for further details.



+-------------------------------------------------------------------------+
; Flow Summary                                                            ;
+---------------------------+---------------------------------------------+
; Flow Status               ; Successful - Wed Apr 18 13:01:13 2018       ;
; Quartus II 64-Bit Version ; 14.1.0 Build 186 12/03/2014 SJ Full Version ;
; Revision Name             ; MaterialTowerCPLD                           ;
; Top-level Entity Name     ; IO_SPACE                                    ;
; Family                    ; MAX V                                       ;
; Device                    ; 5M1270ZT144C5                               ;
; Timing Models             ; Final                                       ;
; Total logic elements      ; 527                                         ;
; Total pins                ; 254                                         ;
; Total virtual pins        ; 0                                           ;
; UFM blocks                ; 0 / 1 ( 0 % )                               ;
+---------------------------+---------------------------------------------+


